[2023-10-11 22:25:54,395] multiqc                                            [DEBUG  ]  This is MultiQC v1.16
[2023-10-11 22:25:54,395] multiqc                                            [DEBUG  ]  Command used: /home/miloscola/anaconda3/envs/midas2.0/bin/multiqc qual_rep_temp/c2671_R1_fastqc.html qual_rep_temp/c2671_R1_fastqc.zip qual_rep_temp/c2671_R2_fastqc.html qual_rep_temp/c2671_R2_fastqc.zip qual_rep_temp/sample1_R1_fastqc.html qual_rep_temp/sample1_R1_fastqc.zip qual_rep_temp/sample2_R1_fastqc.html qual_rep_temp/sample2_R1_fastqc.zip -o combined_quality_reports
[2023-10-11 22:25:54,710] multiqc                                            [DEBUG  ]  Latest MultiQC version is v1.16
[2023-10-11 22:25:54,710] multiqc                                            [DEBUG  ]  Working dir : /home/miloscola/ab/pipe
[2023-10-11 22:25:54,710] multiqc                                            [DEBUG  ]  Template    : default
[2023-10-11 22:25:54,710] multiqc                                            [DEBUG  ]  Running Python 3.9.18 | packaged by conda-forge | (main, Aug 30 2023, 03:49:32)  [GCC 12.3.0]
[2023-10-11 22:25:54,710] multiqc                                            [DEBUG  ]  Analysing modules: custom_content, ccs, ngsderive, purple, conpair, lima, peddy, somalier, methylQA, mosdepth, phantompeakqualtools, qualimap, preseq, hifiasm, quast, qorts, rna_seqc, rockhopper, rsem, rseqc, busco, bustools, goleft_indexcov, gffcompare, disambiguate, supernova, deeptools, sargasso, verifybamid, mirtrace, happy, mirtop, sambamba, gopeaks, homer, hops, macs2, theta2, snpeff, gatk, htseq, bcftools, featureCounts, fgbio, dragen, dragen_fastqc, dedup, pbmarkdup, damageprofiler, mapdamage, biobambam2, jcvi, mtnucratio, picard, vep, sentieon, bakta, prokka, qc3C, nanostat, samblaster, samtools, sexdeterrmine, eigenstratdatabasetools, bamtools, jellyfish, vcftools, longranger, stacks, varscan2, snippy, umitools, bbmap, bismark, biscuit, diamond, hicexplorer, hicup, hicpro, salmon, kallisto, slamdunk, star, hisat2, tophat, bowtie2, bowtie1, cellranger, snpsplit, odgi, pangolin, nextclade, freyja, humid, kat, leehom, librarian, adapterRemoval, bbduk, clipandmerge, cutadapt, flexbar, sourmash, kaiju, kraken, malt, motus, trimmomatic, sickle, skewer, sortmerna, biobloomtools, fastq_screen, afterqc, fastp, fastqc, filtlong, prinseqplusplus, pychopper, porechop, pycoqc, minionqc, anglerfish, multivcfanalyzer, clusterflow, checkqc, bcl2fastq, bclconvert, interop, ivar, flash, seqyclean, optitype, whatshap
[2023-10-11 22:25:54,711] multiqc                                            [DEBUG  ]  Using temporary directory for creating report: /tmp/tmpwbbiwjmf
[2023-10-11 22:25:54,715] multiqc                                            [INFO   ]  Search path : /home/miloscola/ab/pipe/qual_rep_temp/c2671_R1_fastqc.html
[2023-10-11 22:25:54,715] multiqc                                            [INFO   ]  Search path : /home/miloscola/ab/pipe/qual_rep_temp/c2671_R1_fastqc.zip
[2023-10-11 22:25:54,715] multiqc                                            [INFO   ]  Search path : /home/miloscola/ab/pipe/qual_rep_temp/c2671_R2_fastqc.html
[2023-10-11 22:25:54,715] multiqc                                            [INFO   ]  Search path : /home/miloscola/ab/pipe/qual_rep_temp/c2671_R2_fastqc.zip
[2023-10-11 22:25:54,715] multiqc                                            [INFO   ]  Search path : /home/miloscola/ab/pipe/qual_rep_temp/sample1_R1_fastqc.html
[2023-10-11 22:25:54,715] multiqc                                            [INFO   ]  Search path : /home/miloscola/ab/pipe/qual_rep_temp/sample1_R1_fastqc.zip
[2023-10-11 22:25:54,715] multiqc                                            [INFO   ]  Search path : /home/miloscola/ab/pipe/qual_rep_temp/sample2_R1_fastqc.html
[2023-10-11 22:25:54,715] multiqc                                            [INFO   ]  Search path : /home/miloscola/ab/pipe/qual_rep_temp/sample2_R1_fastqc.zip
[2023-10-11 22:25:54,764] multiqc                                            [DEBUG  ]  Summary of files that were skipped by the search: [skipped_module_specific_max_filesize: 48] // [skipped_no_match: 4]
[2023-10-11 22:25:55,153] multiqc.plots.bargraph                             [DEBUG  ]  Using matplotlib version 3.8.0
[2023-10-11 22:25:55,155] multiqc.plots.linegraph                            [DEBUG  ]  Using matplotlib version 3.8.0
[2023-10-11 22:25:55,156] multiqc                                            [DEBUG  ]  No samples found: custom_content
[2023-10-11 22:25:55,168] multiqc.modules.fastqc.fastqc                      [INFO   ]  Found 4 reports
[2023-10-11 22:25:55,233] multiqc.utils.software_versions                    [DEBUG  ]  Reading software versions from config.software_versions
[2023-10-11 22:25:55,237] multiqc                                            [DEBUG  ]  Compressing plot data
[2023-10-11 22:25:55,284] multiqc                                            [INFO   ]  Report      : combined_quality_reports/multiqc_report.html
[2023-10-11 22:25:55,284] multiqc                                            [INFO   ]  Data        : combined_quality_reports/multiqc_data
[2023-10-11 22:25:55,284] multiqc                                            [DEBUG  ]  Moving data file from '/tmp/tmpwbbiwjmf/multiqc_data' to 'combined_quality_reports/multiqc_data'
[2023-10-11 22:25:55,285] multiqc                                            [DEBUG  ]  Full report path: /home/miloscola/ab/pipe/combined_quality_reports/multiqc_report.html
[2023-10-11 22:25:55,368] multiqc                                            [INFO   ]  MultiQC complete
