[2023-11-27 21:28:02,729] multiqc                                            [DEBUG  ]  This is MultiQC v1.17
[2023-11-27 21:28:02,729] multiqc                                            [DEBUG  ]  Command used: /home/miloscola/anaconda3/bin/multiqc qual_rep_temp/lib3_R1-Copy1_fastqc.html qual_rep_temp/lib3_R1-Copy1_fastqc.zip qual_rep_temp/lib3_R1_fastqc.html qual_rep_temp/lib3_R1_fastqc.zip qual_rep_temp/lib3_R2-Copy1_fastqc.html qual_rep_temp/lib3_R2-Copy1_fastqc.zip qual_rep_temp/lib3_R2_fastqc.html qual_rep_temp/lib3_R2_fastqc.zip -o combined_quality_reports
[2023-11-27 21:28:03,052] multiqc                                            [DEBUG  ]  Could not connect to multiqc.info for version check: module 'packaging.version' has no attribute 'StrictVersion'
[2023-11-27 21:28:03,052] multiqc                                            [DEBUG  ]  Working dir : /home/miloscola/augene/aggit2/kraken_pipe
[2023-11-27 21:28:03,053] multiqc                                            [DEBUG  ]  Template    : default
[2023-11-27 21:28:03,053] multiqc                                            [DEBUG  ]  Running Python 3.11.5 (main, Sep 11 2023, 13:54:46) [GCC 11.2.0]
[2023-11-27 21:28:03,053] multiqc                                            [DEBUG  ]  Analysing modules: custom_content, ccs, ngsderive, purple, conpair, lima, peddy, somalier, methylQA, mosdepth, phantompeakqualtools, qualimap, preseq, hifiasm, quast, qorts, rna_seqc, rockhopper, rsem, rseqc, busco, bustools, goleft_indexcov, gffcompare, disambiguate, supernova, deeptools, sargasso, verifybamid, mirtrace, happy, mirtop, sambamba, gopeaks, homer, hops, macs2, theta2, snpeff, gatk, htseq, bcftools, featureCounts, fgbio, dragen, dragen_fastqc, dedup, pbmarkdup, damageprofiler, mapdamage, biobambam2, jcvi, mtnucratio, picard, vep, sentieon, bakta, prokka, qc3C, nanostat, samblaster, samtools, sexdeterrmine, eigenstratdatabasetools, bamtools, jellyfish, vcftools, longranger, stacks, varscan2, snippy, umitools, truvari, bbmap, bismark, biscuit, diamond, hicexplorer, hicup, hicpro, salmon, kallisto, slamdunk, star, hisat2, tophat, bowtie2, bowtie1, cellranger, snpsplit, odgi, pangolin, nextclade, freyja, humid, kat, leehom, librarian, adapterRemoval, bbduk, clipandmerge, cutadapt, flexbar, sourmash, kaiju, bracken, kraken, malt, motus, trimmomatic, sickle, skewer, sortmerna, biobloomtools, fastq_screen, afterqc, fastp, fastqc, filtlong, prinseqplusplus, pychopper, porechop, pycoqc, minionqc, anglerfish, multivcfanalyzer, clusterflow, checkqc, bcl2fastq, bclconvert, interop, ivar, flash, seqyclean, optitype, whatshap
[2023-11-27 21:28:03,053] multiqc                                            [DEBUG  ]  Using temporary directory for creating report: /tmp/tmpsio5voqr
[2023-11-27 21:28:03,059] multiqc                                            [INFO   ]  Search path : /home/miloscola/augene/aggit2/kraken_pipe/qual_rep_temp/lib3_R1-Copy1_fastqc.html
[2023-11-27 21:28:03,059] multiqc                                            [INFO   ]  Search path : /home/miloscola/augene/aggit2/kraken_pipe/qual_rep_temp/lib3_R1-Copy1_fastqc.zip
[2023-11-27 21:28:03,059] multiqc                                            [INFO   ]  Search path : /home/miloscola/augene/aggit2/kraken_pipe/qual_rep_temp/lib3_R1_fastqc.html
[2023-11-27 21:28:03,059] multiqc                                            [INFO   ]  Search path : /home/miloscola/augene/aggit2/kraken_pipe/qual_rep_temp/lib3_R1_fastqc.zip
[2023-11-27 21:28:03,059] multiqc                                            [INFO   ]  Search path : /home/miloscola/augene/aggit2/kraken_pipe/qual_rep_temp/lib3_R2-Copy1_fastqc.html
[2023-11-27 21:28:03,059] multiqc                                            [INFO   ]  Search path : /home/miloscola/augene/aggit2/kraken_pipe/qual_rep_temp/lib3_R2-Copy1_fastqc.zip
[2023-11-27 21:28:03,059] multiqc                                            [INFO   ]  Search path : /home/miloscola/augene/aggit2/kraken_pipe/qual_rep_temp/lib3_R2_fastqc.html
[2023-11-27 21:28:03,059] multiqc                                            [INFO   ]  Search path : /home/miloscola/augene/aggit2/kraken_pipe/qual_rep_temp/lib3_R2_fastqc.zip
[2023-11-27 21:28:03,115] multiqc                                            [DEBUG  ]  Summary of files that were skipped by the search: [skipped_module_specific_max_filesize: 48] // [skipped_no_match: 4]
[2023-11-27 21:28:03,503] multiqc.plots.bargraph                             [DEBUG  ]  Using matplotlib version 3.8.0
[2023-11-27 21:28:03,505] multiqc.plots.linegraph                            [DEBUG  ]  Using matplotlib version 3.8.0
[2023-11-27 21:28:03,506] multiqc                                            [DEBUG  ]  No samples found: custom_content
[2023-11-27 21:28:03,517] multiqc.modules.fastqc.fastqc                      [INFO   ]  Found 4 reports
[2023-11-27 21:28:03,541] multiqc.utils.software_versions                    [DEBUG  ]  Reading software versions from config.software_versions
[2023-11-27 21:28:03,546] multiqc                                            [DEBUG  ]  Compressing plot data
[2023-11-27 21:28:03,578] multiqc                                            [INFO   ]  Existing reports found, adding suffix to filenames. Use '--force' to overwrite.
[2023-11-27 21:28:03,578] multiqc                                            [INFO   ]  Report      : combined_quality_reports/multiqc_report_1.html
[2023-11-27 21:28:03,578] multiqc                                            [INFO   ]  Data        : combined_quality_reports/multiqc_data_1
[2023-11-27 21:28:03,578] multiqc                                            [DEBUG  ]  Moving data file from '/tmp/tmpsio5voqr/multiqc_data' to 'combined_quality_reports/multiqc_data_1'
[2023-11-27 21:28:03,579] multiqc                                            [DEBUG  ]  Full report path: /home/miloscola/augene/aggit2/kraken_pipe/combined_quality_reports/multiqc_report_1.html
[2023-11-27 21:28:03,656] multiqc                                            [INFO   ]  MultiQC complete
